7/24/2018 9:05:01 PM	This log contains information about the import schema operation into project 'EPMS3POC1API' on computer 'TELLLAP03' by user 'adevakumar'.
7/24/2018 9:05:01 PM	Import of database schema has started.
7/24/2018 9:05:11 PM	Gathering database credentials
7/24/2018 9:05:11 PM	Gathering database options
7/24/2018 9:05:11 PM	Gathering generic database scoped configuration option
7/24/2018 9:05:11 PM	Gathering users
7/24/2018 9:05:11 PM	Gathering roles
7/24/2018 9:05:11 PM	Gathering application roles
7/24/2018 9:05:11 PM	Gathering role memberships
7/24/2018 9:05:11 PM	Gathering filegroups
7/24/2018 9:05:11 PM	Gathering full-text catalogs
7/24/2018 9:05:11 PM	Gathering assemblies
7/24/2018 9:05:11 PM	Gathering certificates
7/24/2018 9:05:11 PM	Gathering asymmetric keys
7/24/2018 9:05:11 PM	Gathering symmetric keys
7/24/2018 9:05:11 PM	Gathering encrypted symmetric keys
7/24/2018 9:05:11 PM	Gathering schemas
7/24/2018 9:05:11 PM	Gathering XML schema collections
7/24/2018 9:05:11 PM	Gathering user-defined data types
7/24/2018 9:05:11 PM	Gathering user-defined types
7/24/2018 9:05:11 PM	Gathering table types
7/24/2018 9:05:11 PM	Gathering unique keys for table types
7/24/2018 9:05:11 PM	Gathering primary keys for table types
7/24/2018 9:05:11 PM	Gathering indexes for table types
7/24/2018 9:05:11 PM	Gathering check constraints for table types
7/24/2018 9:05:11 PM	Gathering default constraints for table types
7/24/2018 9:05:11 PM	Gathering partition functions
7/24/2018 9:05:11 PM	Gathering partition schemes
7/24/2018 9:05:11 PM	Gathering functions
7/24/2018 9:05:11 PM	Gathering encrypted functions
7/24/2018 9:05:11 PM	Gathering aggregates
7/24/2018 9:05:11 PM	Gathering procedures
7/24/2018 9:05:11 PM	Gathering encrypted procedures
7/24/2018 9:05:11 PM	Gathering tables
7/24/2018 9:05:12 PM	Gathering primary keys
7/24/2018 9:05:12 PM	Gathering unique constraints
7/24/2018 9:05:12 PM	Gathering foreign keys
7/24/2018 9:05:12 PM	Gathering default constraints
7/24/2018 9:05:12 PM	Gathering check constraints
7/24/2018 9:05:12 PM	Gathering views
7/24/2018 9:05:12 PM	Gathering encrypted views
7/24/2018 9:05:12 PM	Gathering indexes
7/24/2018 9:05:12 PM	Gathering statistics
7/24/2018 9:05:12 PM	Gathering full-text index stoplists
7/24/2018 9:05:12 PM	Gathering search property lists
7/24/2018 9:05:12 PM	Gathering search properties
7/24/2018 9:05:12 PM	Gathering full-text indexes
7/24/2018 9:05:12 PM	Gathering column store indexes
7/24/2018 9:05:12 PM	Gathering spatial indexes
7/24/2018 9:05:12 PM	Gathering XML indexes
7/24/2018 9:05:12 PM	Gathering Selective XML indexes
7/24/2018 9:05:12 PM	Gathering encrypted triggers
7/24/2018 9:05:13 PM	Gathering triggers
7/24/2018 9:05:13 PM	Gathering encrypted and clr ddl triggers
7/24/2018 9:05:13 PM	Gathering ddl triggers
7/24/2018 9:05:13 PM	Gathering synonyms
7/24/2018 9:05:13 PM	Gathering defaults
7/24/2018 9:05:13 PM	Gathering data constraint uddt bindings
7/24/2018 9:05:13 PM	Gathering rules
7/24/2018 9:05:13 PM	Gathering data constraint uddt bindings
7/24/2018 9:05:13 PM	Gathering message types
7/24/2018 9:05:13 PM	Gathering queues
7/24/2018 9:05:13 PM	Gathering contracts
7/24/2018 9:05:13 PM	Gathering services
7/24/2018 9:05:13 PM	Gathering event notifications
7/24/2018 9:05:13 PM	Gathering remote service bindings
7/24/2018 9:05:13 PM	Gathering broker priorities
7/24/2018 9:05:13 PM	Gathering signatures
7/24/2018 9:05:13 PM	Gathering data compression options
7/24/2018 9:05:13 PM	Gathering sequence types
7/24/2018 9:05:13 PM	Gathering security policies
7/24/2018 9:05:13 PM	Gather column encryption keys
7/24/2018 9:05:13 PM	Gathering column master keys
7/24/2018 9:05:13 PM	Gathering external data sources
7/24/2018 9:05:13 PM	Gathering external file formats
7/24/2018 9:05:13 PM	Gathering external tables
7/24/2018 9:05:13 PM	Gathering database permissions
7/24/2018 9:05:13 PM	Gathering extended properties
7/24/2018 9:05:14 PM	Gathering credentials
7/24/2018 9:05:14 PM	Gathering logins
7/24/2018 9:05:14 PM	Gathering server audits
7/24/2018 9:05:16 PM	Scanning project for duplicate elements
7/24/2018 9:05:16 PM	Finished duplicate element processing
7/24/2018 9:05:19 PM	Finished importing database.
7/24/2018 9:05:19 PM	A summary of the import was saved to the following location: C:\Users\adevakumar\Source\Repos\EPMS3POC1\EPMS3POC1API\Import Schema Logs\EPMS3POC1API_20180724033501.log
7/24/2018 9:05:19 PM	Click Finish to continue...
